Using pre-set license

 COMMAND LINE ARGUMENTS:
/Applications/Unity/Hub/Editor/2020.2.4f1/Unity.app/Contents/MacOS/Unity
-adb2
-batchMode
-noUpm
-name
AssetImportWorker0
-projectPath
/Users/cristinatyman/Desktop/UPF Bowling Alley 2
-logFile
Logs/AssetImportWorker0.log
-srvPort
51565
Successfully changed project path to: /Users/cristinatyman/Desktop/UPF Bowling Alley 2
/Users/cristinatyman/Desktop/UPF Bowling Alley 2
Using Asset Import Pipeline V2.
Refreshing native plugins compatible for Editor in 164.15 ms, found 1 plugins.
Preloading 0 native plugins for Editor in 0.00 ms.
Initialize engine version: 2020.2.4f1 (becced5a802b)
[Subsystems] Discovering subsystems at path /Applications/Unity/Hub/Editor/2020.2.4f1/Unity.app/Contents/Resources/UnitySubsystems
[Subsystems] Discovering subsystems at path /Users/cristinatyman/Desktop/UPF Bowling Alley 2/Assets
GfxDevice: creating device client; threaded=0
2024-06-06 01:27:47.589 Unity[51138:509078] Color LCD preferred device: Intel(R) Iris(TM) Plus Graphics (low power)
2024-06-06 01:27:47.589 Unity[51138:509078] Metal devices available: 1
2024-06-06 01:27:47.590 Unity[51138:509078] 0: Intel(R) Iris(TM) Plus Graphics (low power)
2024-06-06 01:27:47.590 Unity[51138:509078] Using device Intel(R) Iris(TM) Plus Graphics (low power)
Initializing Metal device caps: Intel(R) Iris(TM) Plus Graphics
Shader 'Universal Render Pipeline/Particles/Lit': fallback shader 'Universal Render Pipeline/Particles/SimpleLit' not found
Initialize mono
Mono path[0] = '/Applications/Unity/Hub/Editor/2020.2.4f1/Unity.app/Contents/Managed'
Mono path[1] = '/Applications/Unity/Hub/Editor/2020.2.4f1/Unity.app/Contents/MonoBleedingEdge/lib/mono/unityjit'
Mono config path = '/Applications/Unity/Hub/Editor/2020.2.4f1/Unity.app/Contents/MonoBleedingEdge/etc'
Using monoOptions --debugger-agent=transport=dt_socket,embedding=1,server=y,suspend=n,address=127.0.0.1:56138
Begin MonoManager ReloadAssembly
Registering precompiled unity dll's ...
Register platform support module: /Applications/Unity/Hub/Editor/2020.2.4f1/Unity.app/Contents/PlaybackEngines/MacStandaloneSupport/UnityEditor.OSXStandalone.Extensions.dll
Register platform support module: /Applications/Unity/Hub/Editor/2020.2.4f1/PlaybackEngines/WindowsStandaloneSupport/UnityEditor.WindowsStandalone.Extensions.dll
Registered in 0.001217 seconds.
Native extension for WindowsStandalone target not found
Native extension for OSXStandalone target not found
Refreshing native plugins compatible for Editor in 145.23 ms, found 1 plugins.
Preloading 0 native plugins for Editor in 0.00 ms.
Invoked RoslynAnalysisRunner static constructor.
RoslynAnalysisRunner will not be running.
RoslynAnalysisRunner has terminated.
Mono: successfully reloaded assembly
- Completed reload, in  2.534 seconds
Platform modules already initialized, skipping
Registering precompiled user dll's ...
Registered in 0.003511 seconds.
Begin MonoManager ReloadAssembly
Native extension for WindowsStandalone target not found
Native extension for OSXStandalone target not found
Refreshing native plugins compatible for Editor in 182.68 ms, found 1 plugins.
Preloading 0 native plugins for Editor in 0.00 ms.
Invoked RoslynAnalysisRunner static constructor.
RoslynAnalysisRunner will not be running.
RoslynAnalysisRunner has terminated.
Mono: successfully reloaded assembly
- Completed reload, in  2.895 seconds
Platform modules already initialized, skipping
========================================================================
Worker process is ready to serve import requests
Shader 'Universal Render Pipeline/Particles/Lit': fallback shader 'Universal Render Pipeline/Particles/SimpleLit' not found
Launching external process: /Applications/Unity/Hub/Editor/2020.2.4f1/Unity.app/Contents/Tools/UnityShaderCompiler
Launched and connected shader compiler UnityShaderCompiler after 0.03 seconds
Refreshing native plugins compatible for Editor in 1.20 ms, found 1 plugins.
Preloading 0 native plugins for Editor in 0.00 ms.
Unloading 3803 Unused Serialized files (Serialized files now loaded: 0)
System memory in use before: 188.2 MB.
System memory in use after: 188.4 MB.

Unloading 15 unused Assets to reduce memory usage. Loaded Objects now: 4250.
Total: 4.500698 ms (FindLiveObjects: 0.670695 ms CreateObjectMapping: 0.246130 ms MarkObjects: 3.432621 ms  DeleteObjects: 0.148799 ms)

========================================================================
Received Import Request.
  path: Assets/Materials/Player1_3.mat
  artifactKey: Guid(027a6665482022f4ab81349ba521015a) Importer(815301076,1909f56bfc062723c751e8b465ee728b)
Start importing Assets/Materials/Player1_3.mat using Guid(027a6665482022f4ab81349ba521015a) Importer(815301076,1909f56bfc062723c751e8b465ee728b)  -> (artifact id: '8882a58d9193bebba0d0798d2fba8796') in 2.545842 seconds
  Import took 2.564824 seconds .

========================================================================
Received Import Request.
  Time since last request: 0.000436 seconds.
  path: Assets/Materials/Player1_1.mat
  artifactKey: Guid(748605cd264a9d44caf7fb0b2139c0b6) Importer(815301076,1909f56bfc062723c751e8b465ee728b)
Start importing Assets/Materials/Player1_1.mat using Guid(748605cd264a9d44caf7fb0b2139c0b6) Importer(815301076,1909f56bfc062723c751e8b465ee728b)  -> (artifact id: 'bd4756a78634827e820f24d7a2c33a81') in 0.071271 seconds
  Import took 0.084307 seconds .

========================================================================
Received Import Request.
  Time since last request: 0.000716 seconds.
  path: Assets/Materials/hand.mat
  artifactKey: Guid(fbd4c3848a2315441b17edc9f90a2ccb) Importer(815301076,1909f56bfc062723c751e8b465ee728b)
Start importing Assets/Materials/hand.mat using Guid(fbd4c3848a2315441b17edc9f90a2ccb) Importer(815301076,1909f56bfc062723c751e8b465ee728b)  -> (artifact id: 'ea38af422a0cbe8be59ecceb28dee4a5') in 0.058360 seconds
  Import took 0.072638 seconds .

========================================================================
Received Import Request.
  Time since last request: 0.000364 seconds.
  path: Assets/Materials/grey.mat
  artifactKey: Guid(a7b03a207290de447b624608f4a560b7) Importer(815301076,1909f56bfc062723c751e8b465ee728b)
Start importing Assets/Materials/grey.mat using Guid(a7b03a207290de447b624608f4a560b7) Importer(815301076,1909f56bfc062723c751e8b465ee728b)  -> (artifact id: 'c419f5c1cc6414528f6f91044ac5a951') in 0.069039 seconds
  Import took 0.082696 seconds .

========================================================================
Received Import Request.
  Time since last request: 0.000593 seconds.
  path: Assets/Materials/player1.mat
  artifactKey: Guid(0fe51cfc256149c4eb951eab784beef0) Importer(815301076,1909f56bfc062723c751e8b465ee728b)
Start importing Assets/Materials/player1.mat using Guid(0fe51cfc256149c4eb951eab784beef0) Importer(815301076,1909f56bfc062723c751e8b465ee728b)  -> (artifact id: 'ea1b36d2ab7eb904d1ca841feaad5976') in 0.047448 seconds
  Import took 0.061795 seconds .

========================================================================
Received Prepare
Registering precompiled user dll's ...
Registered in 0.002919 seconds.
Begin MonoManager ReloadAssembly
Native extension for WindowsStandalone target not found
Native extension for OSXStandalone target not found
Refreshing native plugins compatible for Editor in 1.02 ms, found 1 plugins.
Preloading 0 native plugins for Editor in 0.00 ms.
Invoked RoslynAnalysisRunner static constructor.
RoslynAnalysisRunner will not be running.
RoslynAnalysisRunner has terminated.
Mono: successfully reloaded assembly
- Completed reload, in  1.904 seconds
Platform modules already initialized, skipping
Shader 'Universal Render Pipeline/Particles/Lit': fallback shader 'Universal Render Pipeline/Particles/SimpleLit' not found
Refreshing native plugins compatible for Editor in 0.60 ms, found 1 plugins.
Preloading 0 native plugins for Editor in 0.00 ms.
Unloading 3483 Unused Serialized files (Serialized files now loaded: 0)
System memory in use before: 251.9 MB.
System memory in use after: 252.2 MB.

Unloading 10 unused Assets to reduce memory usage. Loaded Objects now: 4457.
Total: 5.345061 ms (FindLiveObjects: 0.757581 ms CreateObjectMapping: 0.361258 ms MarkObjects: 4.144610 ms  DeleteObjects: 0.079862 ms)

========================================================================
Received Prepare
Shader 'Universal Render Pipeline/Particles/Lit': fallback shader 'Universal Render Pipeline/Particles/SimpleLit' not found
Refreshing native plugins compatible for Editor in 2.67 ms, found 1 plugins.
Preloading 0 native plugins for Editor in 0.00 ms.
Unloading 8 Unused Serialized files (Serialized files now loaded: 0)
System memory in use before: 174.8 MB.
System memory in use after: 175.0 MB.

Unloading 8 unused Assets to reduce memory usage. Loaded Objects now: 4457.
Total: 4.460403 ms (FindLiveObjects: 0.846180 ms CreateObjectMapping: 0.358416 ms MarkObjects: 3.192412 ms  DeleteObjects: 0.060877 ms)

========================================================================
Received Prepare
Shader 'Universal Render Pipeline/Particles/Lit': fallback shader 'Universal Render Pipeline/Particles/SimpleLit' not found
Refreshing native plugins compatible for Editor in 3.57 ms, found 1 plugins.
Preloading 0 native plugins for Editor in 0.00 ms.
Unloading 8 Unused Serialized files (Serialized files now loaded: 0)
System memory in use before: 166.4 MB.
System memory in use after: 166.6 MB.

Unloading 8 unused Assets to reduce memory usage. Loaded Objects now: 4457.
Total: 5.020249 ms (FindLiveObjects: 0.741342 ms CreateObjectMapping: 0.301767 ms MarkObjects: 3.899970 ms  DeleteObjects: 0.074838 ms)

AssetImportWorkerClient::OnTransportError - code=2 error=End of file
